0 info it worked if it ends with ok
1 verbose cli [ '/Users/ashutka/.nvm/versions/node/v6.17.1/bin/node',
1 verbose cli   '/Users/ashutka/.nvm/versions/node/v6.17.1/bin/npm',
1 verbose cli   'run',
1 verbose cli   'ng' ]
2 info using npm@3.10.10
3 info using node@v6.17.1
4 verbose run-script [ 'preng', 'ng', 'postng' ]
5 info lifecycle testtask@0.0.0~preng: testtask@0.0.0
6 silly lifecycle testtask@0.0.0~preng: no script for preng, continuing
7 info lifecycle testtask@0.0.0~ng: testtask@0.0.0
8 verbose lifecycle testtask@0.0.0~ng: unsafe-perm in lifecycle true
9 verbose lifecycle testtask@0.0.0~ng: PATH: /Users/ashutka/.nvm/versions/node/v6.17.1/lib/node_modules/npm/bin/node-gyp-bin:/Users/ashutka/Projects/restapi_test_task/src/main/resources/static/node_modules/.bin:/Users/ashutka/.nvm/versions/node/v6.17.1/bin:/usr/local/bin:/usr/bin:/bin:/usr/sbin:/sbin
10 verbose lifecycle testtask@0.0.0~ng: CWD: /Users/ashutka/Projects/restapi_test_task/src/main/resources/static
11 silly lifecycle testtask@0.0.0~ng: Args: [ '-c', 'ng serve' ]
12 silly lifecycle testtask@0.0.0~ng: Returned: code: 1  signal: null
13 info lifecycle testtask@0.0.0~ng: Failed to exec ng script
14 verbose stack Error: testtask@0.0.0 ng: `ng serve`
14 verbose stack Exit status 1
14 verbose stack     at EventEmitter.<anonymous> (/Users/ashutka/.nvm/versions/node/v6.17.1/lib/node_modules/npm/lib/utils/lifecycle.js:255:16)
14 verbose stack     at emitTwo (events.js:106:13)
14 verbose stack     at EventEmitter.emit (events.js:191:7)
14 verbose stack     at ChildProcess.<anonymous> (/Users/ashutka/.nvm/versions/node/v6.17.1/lib/node_modules/npm/lib/utils/spawn.js:40:14)
14 verbose stack     at emitTwo (events.js:106:13)
14 verbose stack     at ChildProcess.emit (events.js:191:7)
14 verbose stack     at maybeClose (internal/child_process.js:920:16)
14 verbose stack     at Process.ChildProcess._handle.onexit (internal/child_process.js:230:5)
15 verbose pkgid testtask@0.0.0
16 verbose cwd /Users/ashutka/Projects/restapi_test_task/src/main/resources/static
17 error Darwin 19.4.0
18 error argv "/Users/ashutka/.nvm/versions/node/v6.17.1/bin/node" "/Users/ashutka/.nvm/versions/node/v6.17.1/bin/npm" "run" "ng"
19 error node v6.17.1
20 error npm  v3.10.10
21 error code ELIFECYCLE
22 error testtask@0.0.0 ng: `ng serve`
22 error Exit status 1
23 error Failed at the testtask@0.0.0 ng script 'ng serve'.
23 error Make sure you have the latest version of node.js and npm installed.
23 error If you do, this is most likely a problem with the testtask package,
23 error not with npm itself.
23 error Tell the author that this fails on your system:
23 error     ng serve
23 error You can get information on how to open an issue for this project with:
23 error     npm bugs testtask
23 error Or if that isn't available, you can get their info via:
23 error     npm owner ls testtask
23 error There is likely additional logging output above.
24 verbose exit [ 1, true ]
